Build started 6/26/2013 11:50:39 AM.
     1>Project "C:\Users\lh178-03\Documents\AGK\IDE\templates\mouse and light switch template\template.vcxproj" on node 2 (build target(s)).
     1>C:\Program Files (x86)\MSBuild\Microsoft.Cpp\v4.0\Microsoft.CppBuild.targets(298,5): warning MSB8004: Intermediate Directory does not end with a trailing slash.  This build instance will add the slash as it is required to allow proper evaluation of the Intermediate Directory.
     1>C:\Program Files (x86)\MSBuild\Microsoft.Cpp\v4.0\Microsoft.CppBuild.targets(299,5): warning MSB8004: Output Directory does not end with a trailing slash.  This build instance will add the slash as it is required to allow proper evaluation of the Output Directory.
     1>InitializeBuildStatus:
         Touching "C:\Users\lh178-03\Documents\AGK\IDE\templates\mouse and light switch template\\Final\template.unsuccessfulbuild".
       ClCompile:
         c:\Program Files (x86)\Microsoft Visual Studio 10.0\VC\bin\CL.exe /c /I..\..\common\Include /Zi /nologo /W3 /WX- /O2 /Oi /Oy- /GL /D AGKWINDOWS /D IDE_VS2008 /D WIN32 /D NDEBUG /D _WINDOWS /D IDE_VS2008 /D _CRT_SECURE_NO_WARNINGS /Gm- /EHsc /MT /GS /Gy /fp:precise /Zc:wchar_t /Zc:forScope /Fo"C:\Users\lh178-03\Documents\AGK\IDE\templates\mouse and light switch template\\Final\\" /Fd"C:\Users\lh178-03\Documents\AGK\IDE\templates\mouse and light switch template\\Final\vc100.pdb" /Gd /TP /wd4996 /analyze- /errorReport:prompt template.cpp
         template.cpp
     1>template.cpp(30): warning C4305: 'argument' : truncation from 'double' to 'float'
     1>template.cpp(30): warning C4305: 'argument' : truncation from 'double' to 'float'
       Link:
         c:\Program Files (x86)\Microsoft Visual Studio 10.0\VC\bin\link.exe /ERRORREPORT:PROMPT /OUT:"C:\Users\lh178-03\Documents\AGK\IDE\templates\mouse and light switch template\\Final\template.exe" /INCREMENTAL:NO /NOLOGO /LIBPATH:..\..\platform\windows\Lib\VS2010\Release\ winmm.lib AGKWindows.lib Wininet.lib OpenGL32.lib Glu32.lib kernel32.lib user32.lib gdi32.lib winspool.lib comdlg32.lib advapi32.lib shell32.lib ole32.lib oleaut32.lib uuid.lib odbc32.lib odbccp32.lib /NODEFAULTLIB:atls /MANIFEST /ManifestFile:"C:\Users\lh178-03\Documents\AGK\IDE\templates\mouse and light switch template\\Final\template.exe.intermediate.manifest" /MANIFESTUAC:"level='asInvoker' uiAccess='false'" /PDB:"C:\Users\lh178-03\Documents\AGK\IDE\templates\mouse and light switch template\Final\template.pdb" /SUBSYSTEM:WINDOWS /OPT:REF /OPT:ICF /LTCG /TLBID:1 /DYNAMICBASE /NXCOMPAT /IMPLIB:"C:\Users\lh178-03\Documents\AGK\IDE\templates\mouse and light switch template\\Final\template.lib" /MACHINE:X86 "C:\Users\lh178-03\Documents\AGK\IDE\templates\mouse and light switch template\\Final\Core.obj"
         "C:\Users\lh178-03\Documents\AGK\IDE\templates\mouse and light switch template\\Final\template.obj"
         Generating code
         Finished generating code
         template.vcxproj -> C:\Users\lh178-03\Documents\AGK\IDE\templates\mouse and light switch template\\Final\template.exe
       Manifest:
         C:\Program Files (x86)\Microsoft SDKs\Windows\v7.0A\bin\mt.exe /nologo /verbose /outputresource:"C:\Users\lh178-03\Documents\AGK\IDE\templates\mouse and light switch template\\Final\template.exe;#1" /manifest "C:\Users\lh178-03\Documents\AGK\IDE\templates\mouse and light switch template\\Final\template.exe.intermediate.manifest"
       FinalizeBuildStatus:
         Deleting file "C:\Users\lh178-03\Documents\AGK\IDE\templates\mouse and light switch template\\Final\template.unsuccessfulbuild".
         Touching "C:\Users\lh178-03\Documents\AGK\IDE\templates\mouse and light switch template\\Final\template.lastbuildstate".
     1>Done Building Project "C:\Users\lh178-03\Documents\AGK\IDE\templates\mouse and light switch template\template.vcxproj" (build target(s)).

Build succeeded.

Time Elapsed 00:00:01.45
